/software/synopsys/syn_current/auxx/gui/dv/dv_setup.tcl
/software/synopsys/syn_current/auxx/gui/syn/snpsSynProcs.tcl
/software/synopsys/syn_current/auxx/tcllib/lib/tcl8.4/package.tcl
/software/synopsys/syn_current/auxx/gui/common/histogram/pkgIndex.tcl
/software/synopsys/syn_current/auxx/gui/common/misc/pkgIndex.tcl
/software/synopsys/syn_current/auxx/gui/common/view/pkgIndex.tcl
/software/synopsys/syn_current/auxx/gui/common/tcl-dp/pkgIndex.tcl
/software/synopsys/syn_current/auxx/gui/common/fanoutviewer/pkgIndex.tcl
/software/synopsys/syn_current/auxx/gui/common/setup/pkgIndex.tcl
/software/synopsys/syn_current/auxx/gui/common/WindowFrameWork/pkgIndex.tcl
/software/synopsys/syn_current/auxx/gui/common/hierarchy/pkgIndex.tcl
/software/synopsys/syn_current/auxx/gui/common/profiler/pkgIndex.tcl
/software/synopsys/syn_current/auxx/gui/common/strokes/pkgIndex.tcl
/software/synopsys/syn_current/auxx/gui/common/dialogs/pkgIndex.tcl
/software/synopsys/syn_current/auxx/gui/common/qtcl/pkgIndex.tcl
/software/synopsys/syn_current/auxx/gui/common/docBrowser/pkgIndex.tcl
/software/synopsys/syn_current/auxx/gui/common/help/pkgIndex.tcl
/software/synopsys/syn_current/auxx/gui/common/highlight/pkgIndex.tcl
/software/synopsys/syn_current/auxx/gui/common/table/pkgIndex.tcl
/software/synopsys/syn_current/auxx/gui/common/schematic/pkgIndex.tcl
/software/synopsys/syn_current/auxx/gui/common/opdlg/pkgIndex.tcl
/software/synopsys/syn_current/auxx/gui/common/select/pkgIndex.tcl
/software/synopsys/syn_current/auxx/gui/common/menus/pkgIndex.tcl
/software/synopsys/syn_current/auxx/gui/common/pathinspector/pkgIndex.tcl
/software/synopsys/syn_current/auxx/gui/common/libviewer/pkgIndex.tcl
/software/synopsys/syn_current/auxx/tcllib/snps_tcl/snpsUtils/pkgIndex.tcl
/software/synopsys/syn_current/auxx/tcllib/snps_tcl/snpsTest/pkgIndex.tcl
/software/synopsys/syn_current/auxx/tcllib/snps_tcl/snpsTclPro/pkgIndex.tcl
/software/synopsys/syn_current/auxx/tcllib/lib/tcl8.4/dde/pkgIndex.tcl
/software/synopsys/syn_current/auxx/tcllib/lib/tcl8.4/tcltest/pkgIndex.tcl
/software/synopsys/syn_current/auxx/tcllib/lib/tcl8.4/http/pkgIndex.tcl
/software/synopsys/syn_current/auxx/tcllib/lib/tcl8.4/opt/pkgIndex.tcl
/software/synopsys/syn_current/auxx/tcllib/lib/tcl8.4/msgcat/pkgIndex.tcl
/software/synopsys/syn_current/auxx/tcllib/lib/tcl8.4/reg/pkgIndex.tcl
/software/synopsys/syn_current/auxx/tcllib/lib/tcl8.4/http1.0/pkgIndex.tcl
/software/synopsys/syn_current/auxx/gui/common/setup/snpsCommonSetup.tcl
/software/synopsys/syn_current/auxx/gui/common/setup/snpsCustomize.tcl
/software/synopsys/syn_current/auxx/gui/common/setup/snpsProcheck.tcl
/software/synopsys/syn_current/auxx/gui/common/qtcl/.synopsys_qtcl.tcl
/software/synopsys/syn_current/auxx/gui/common/highlight/highlight.tcl
/software/synopsys/syn_current/auxx/gui/common/misc/base.tcl
/software/synopsys/syn_current/auxx/gui/common/misc/timing.tcl
/software/synopsys/syn_current/auxx/gui/common/misc/setting.tcl
/software/synopsys/syn_current/auxx/gui/common/docBrowser/docBrowser.tcl
/software/synopsys/syn_current/auxx/tcllib/snps_tcl/snpsUtils/snpsUtils.tcl
/software/synopsys/syn_current/auxx/gui/common/WindowFrameWork/windowFrameWork.tcl
/software/synopsys/syn_current/auxx/gui/common/WindowFrameWork/skipBusyCursorCmdList.tcl
/software/synopsys/syn_current/auxx/gui/common/dialogs/ObjectChooser.tcl
/software/synopsys/syn_current/auxx/gui/common/misc/DialogObjectChooser.tcl
/software/synopsys/syn_current/auxx/gui/common/dialogs/HistBinInformation.tcl
/software/synopsys/syn_current/auxx/gui/common/dialogs/HistBin1Information.tcl
/software/synopsys/syn_current/auxx/gui/common/dialogs/BinsOnlyInformation.tcl
/software/synopsys/syn_current/auxx/gui/common/dialogs/FileChooser.tcl
/software/synopsys/syn_current/auxx/gui/common/dialogs/PathPinSimpleInfo.tcl
/software/synopsys/syn_current/auxx/gui/common/dialogs/PathsBasicInfo.tcl
/software/synopsys/syn_current/auxx/gui/common/dialogs/PathsBasicSimpleInfo.tcl
/software/synopsys/syn_current/auxx/gui/common/dialogs/SlctOperationInfo.tcl
/software/synopsys/syn_current/auxx/gui/common/dialogs/ObjectListInfo.tcl
/software/synopsys/syn_current/auxx/gui/common/dialogs/FanInOutInfo.tcl
/software/synopsys/syn_current/auxx/gui/common/dialogs/NumberOfLevelsChooser.tcl
/software/synopsys/syn_current/auxx/gui/common/dialogs/WindowReuseInfo.tcl
/software/synopsys/syn_current/auxx/gui/common/dialogs/ReportOutputOptionInfo.tcl
/software/synopsys/syn_current/auxx/gui/common/setup/snpsCollections.tcl
/software/synopsys/syn_current/auxx/gui/common/dialogs/PreferencesDlg.tcl
/software/synopsys/syn_current/auxx/gui/common/dialogs/CompileLinkDesign.tcl
/software/synopsys/syn_current/auxx/gui/common/histogram/DialogEndpointSlack.tcl
/software/synopsys/syn_current/auxx/gui/common/histogram/DialogPathsSlack.tcl
/software/synopsys/syn_current/auxx/gui/common/histogram/DialogNetCapacitance.tcl
/software/synopsys/syn_current/auxx/gui/common/schematic/DialogPathSchematicFanInOut.tcl
/software/synopsys/syn_current/auxx/gui/common/schematic/DialogPathSchematicAddPaths.tcl
/software/synopsys/syn_current/auxx/gui/common/histogram/base.tcl
/software/synopsys/syn_current/auxx/gui/common/profiler/base.tcl
/software/synopsys/syn_current/auxx/gui/common/schematic/base.tcl
/software/synopsys/syn_current/auxx/gui/common/select/baseInternal.tcl
/software/synopsys/syn_current/auxx/gui/common/schematic/enable.tcl
/software/synopsys/syn_current/auxx/gui/common/schematic/netlist.tcl
/software/synopsys/syn_current/auxx/gui/common/schematic/method.tcl
/software/synopsys/syn_current/auxx/gui/common/misc/createViewType.tcl
/software/synopsys/syn_current/auxx/gui/common/menus/base.tcl
/software/synopsys/syn_current/auxx/gui/common/libviewer/base.tcl
/software/synopsys/syn_current/auxx/gui/common/misc/viewmgr.tcl
/software/synopsys/syn_current/auxx/gui/common/pathinspector/base.tcl
/software/synopsys/syn_current/auxx/gui/common/pathinspector/create_window_and_menu.tcl
/software/synopsys/syn_current/auxx/gui/common/misc/viewporthistory.tcl
/home/ms18.18/dlx_final/syn/tb_DLX/000-globals.vhd
/home/mariagrazia.graziano/do/libnangate/NangateOpenCellLibrary_typical_ecsm.db
/home/ms18.18/dlx_final/syn/tb_DLX/a.b-DataPath.core/a.b.a-alu.core/a.b.a.b-p4_adder.core/sum_generator.core/carry_select.core/rca_generic.core/fa.vhd
/home/ms18.18/dlx_final/syn/tb_DLX/a.b-DataPath.core/a.b.a-alu.core/a.b.a.b-p4_adder.core/sum_generator.core/carry_select.core/mux21_generic.core/mux21.vhd
/home/ms18.18/dlx_final/syn/tb_DLX/a.b-DataPath.core/a.b.a-alu.core/a.b.a.b-p4_adder.core/sum_generator.core/carry_select.core/rca_generic.vhd
/home/ms18.18/dlx_final/syn/tb_DLX/a.b-DataPath.core/a.b.a-alu.core/a.b.a.b-p4_adder.core/sum_generator.core/carry_select.core/mux21_generic.vhd
/home/ms18.18/dlx_final/syn/tb_DLX/a.b-DataPath.core/a.b.a-alu.core/a.b.a.b-p4_adder.core/sparse_tree_carry_gen.core/sparse_tree_carry_gen_4bits.vhd
/home/ms18.18/dlx_final/syn/tb_DLX/a.b-DataPath.core/a.b.a-alu.core/a.b.a.b-p4_adder.core/sparse_tree_carry_gen.core/PGnet.vhd
/home/ms18.18/dlx_final/syn/tb_DLX/a.b-DataPath.core/a.b.a-alu.core/a.b.a.b-p4_adder.core/sparse_tree_carry_gen.core/PG.vhd
/home/ms18.18/dlx_final/syn/tb_DLX/a.b-DataPath.core/a.b.a-alu.core/a.b.a.b-p4_adder.core/sum_generator.core/carry_select.vhd
/home/ms18.18/dlx_final/syn/tb_DLX/a.b-DataPath.core/a.b.a-alu.core/a.b.a.b-p4_adder.core/a.b.a.b.b-sum_generator.vhd
/home/ms18.18/dlx_final/syn/tb_DLX/a.b-DataPath.core/a.b.a-alu.core/a.b.a.b-p4_adder.core/a.b.a.b.a-sparse_tree_carry_gen.vhd
/home/ms18.18/dlx_final/syn/tb_DLX/a.b-DataPath.core/a.b.a-alu.core/a.b.a.g-mux2to1.vhd
/home/ms18.18/dlx_final/syn/tb_DLX/a.b-DataPath.core/a.b.a-alu.core/a.b.a.f-mux6to1.vhd
/home/ms18.18/dlx_final/syn/tb_DLX/a.b-DataPath.core/a.b.a-alu.core/a.b.a.e-comparator.vhd
/home/ms18.18/dlx_final/syn/tb_DLX/a.b-DataPath.core/a.b.a-alu.core/a.b.a.d-muxX1.vhd
/home/ms18.18/dlx_final/syn/tb_DLX/a.b-DataPath.core/a.b.a-alu.core/a.b.a.c-generic-shifter.vhd
/home/ms18.18/dlx_final/syn/tb_DLX/a.b-DataPath.core/a.b.a-alu.core/a.b.a.b-p4_adder.vhd
/home/ms18.18/dlx_final/syn/tb_DLX/a.b-DataPath.core/a.b.a-alu.core/a.b.a.a-operatore-logico.vhd
/home/ms18.18/dlx_final/syn/tb_DLX/a.b-DataPath.core/log2_function.vhd
/home/ms18.18/dlx_final/syn/tb_DLX/a.b-DataPath.core/a.b.e-extsig.vhd
/home/ms18.18/dlx_final/syn/tb_DLX/a.b-DataPath.core/a.b.d-AluOpCodeGen.vhd
/home/ms18.18/dlx_final/syn/tb_DLX/a.b-DataPath.core/a.b.c-register.vhd
/home/ms18.18/dlx_final/syn/tb_DLX/a.b-DataPath.core/a.b.c-mux21.vhd
/home/ms18.18/dlx_final/syn/tb_DLX/a.b-DataPath.core/a.b.b-registerfile.vhd
/home/ms18.18/dlx_final/syn/tb_DLX/a.b-DataPath.core/a.b.a-alu.vhd
/home/ms18.18/dlx_final/syn/tb_DLX/a.b-DataPath.core/log2_function.vhd
/home/ms18.18/dlx_final/syn/tb_DLX/a.b-DataPath.core/a.b.e-extsig.vhd
/home/ms18.18/dlx_final/syn/tb_DLX/a.b-DataPath.core/a.b.d-AluOpCodeGen.vhd
/home/ms18.18/dlx_final/syn/tb_DLX/a.b-DataPath.core/a.b.c-register.vhd
/home/ms18.18/dlx_final/syn/tb_DLX/a.b-DataPath.core/a.b.c-mux21.vhd
/home/ms18.18/dlx_final/syn/tb_DLX/a.b-DataPath.core/a.b.b-registerfile.vhd
/home/ms18.18/dlx_final/syn/tb_DLX/a.b-DataPath.core/a.b.a-alu.vhd
/home/ms18.18/dlx_final/syn/tb_DLX/log2_function.vhd
/home/ms18.18/dlx_final/syn/tb_DLX/a.e-adder.vhd
/home/ms18.18/dlx_final/syn/tb_DLX/a.b-DataPath.vhd
/home/ms18.18/dlx_final/syn/tb_DLX/a.a-CU.vhd
/home/ms18.18/dlx_final/syn/tb_DLX/a-DLX.vhd
/software/synopsys/syn_current/libraries/syn/gtech.db
/software/synopsys/syn_current/libraries/syn/standard.sldb
/home/ms18.18/dlx_final/syn/tb_DLX/a.a-CU.vhd
/home/ms18.18/dlx_final/syn/tb_DLX/a.a-CU.vhd
/home/ms18.18/dlx_final/syn/tb_DLX/a-DLX.vhd
/home/ms18.18/dlx_final/syn/tb_DLX/a.a-CU.vhd
/home/ms18.18/dlx_final/syn/tb_DLX/a-DLX.vhd
/home/ms18.18/dlx_final/syn/tb_DLX/a.a-CU.vhd
/home/ms18.18/dlx_final/syn/tb_DLX/a-DLX.vhd
/home/ms18.18/dlx_final/syn/tb_DLX/a.a-CU.vhd
/home/ms18.18/dlx_final/syn/tb_DLX/a.a-CU.vhd
/home/ms18.18/dlx_final/syn/tb_DLX/a.a-CU.vhd
/software/synopsys/syn_current/libraries/syn/generic.sdb
/home/ms18.18/synopsys_cache_Z-2007.03-SP1/DW01/DW01_MUX/str/NangateOpenCellLibrary_typical_ecsm_7321_8167_1649/element.db
/home/ms18.18/synopsys_cache_Z-2007.03-SP1/DW01/DW01_mmux/str/2/NangateOpenCellLibrary_typical_ecsm_7321_8167_1649/element.db
/home/ms18.18/synopsys_cache_Z-2007.03-SP1/DW01/DW01_mmux/str/3/NangateOpenCellLibrary_typical_ecsm_7321_8167_1649/element.db
/home/ms18.18/synopsys_cache_Z-2007.03-SP1/DW01/DW01_mmux/str/4/NangateOpenCellLibrary_typical_ecsm_7321_8167_1649/element.db
/home/ms18.18/synopsys_cache_Z-2007.03-SP1/DW01/DW01_mmux/str/5/NangateOpenCellLibrary_typical_ecsm_7321_8167_1649/element.db
/home/ms18.18/synopsys_cache_Z-2007.03-SP1/DW01/DW01_NOT/str/NangateOpenCellLibrary_typical_ecsm_7321_8167_1649/element.db
/home/ms18.18/synopsys_cache_Z-2007.03-SP1/DW01/DW01_cmp2/rpl/32/NangateOpenCellLibrary_typical_ecsm_7321_8167_1649/element.db
/home/ms18.18/synopsys_cache_Z-2007.03-SP1/DW01/DW01_cmp6/rpl/32/NangateOpenCellLibrary_typical_ecsm_7321_8167_1649/element.db
/home/ms18.18/synopsys_cache_Z-2007.03-SP1/DW01/DW_rbsh/mx2/32/5/NangateOpenCellLibrary_typical_ecsm_7321_8167_1649/element.db
/home/ms18.18/synopsys_cache_Z-2007.03-SP1/DW01/DW_lbsh/mx2/32/5/NangateOpenCellLibrary_typical_ecsm_7321_8167_1649/element.db
/home/ms18.18/synopsys_cache_Z-2007.03-SP1/DW01/DW_sra/mx2/32/5/NangateOpenCellLibrary_typical_ecsm_7321_8167_1649/element.db
/home/ms18.18/synopsys_cache_Z-2007.03-SP1/DW01/DW_rash/mx2/32/5/NangateOpenCellLibrary_typical_ecsm_7321_8167_1649/element.db
/home/ms18.18/synopsys_cache_Z-2007.03-SP1/DW01/DW_sla/mx2/32/5/NangateOpenCellLibrary_typical_ecsm_7321_8167_1649/element.db
/home/ms18.18/synopsys_cache_Z-2007.03-SP1/DW01/DW01_ash/mx2/32/5/NangateOpenCellLibrary_typical_ecsm_7321_8167_1649/element.db
/home/ms18.18/synopsys_cache_Z-2007.03-SP1/DW01/DW01_MUX/str/NangateOpenCellLibrary_typical_ecsm_7321/element.db
/home/ms18.18/synopsys_cache_Z-2007.03-SP1/DW01/DW01_mmux/str/2/NangateOpenCellLibrary_typical_ecsm_7321/element.db
/home/ms18.18/synopsys_cache_Z-2007.03-SP1/DW01/DW01_mmux/str/3/NangateOpenCellLibrary_typical_ecsm_7321/element.db
/home/ms18.18/synopsys_cache_Z-2007.03-SP1/DW01/DW01_mmux/str/4/NangateOpenCellLibrary_typical_ecsm_7321/element.db
/home/ms18.18/synopsys_cache_Z-2007.03-SP1/DW01/DW01_mmux/str/5/NangateOpenCellLibrary_typical_ecsm_7321/element.db
/home/ms18.18/synopsys_cache_Z-2007.03-SP1/DW01/DW01_add/rpl/32/NangateOpenCellLibrary_typical_ecsm_7321/element.db
/home/ms18.18/synopsys_cache_Z-2007.03-SP1/DW01/DW01_NAND2/str/NangateOpenCellLibrary_typical_ecsm_7321/element.db
/home/ms18.18/synopsys_cache_Z-2007.03-SP1/DW01/DW01_add/cla/32/NangateOpenCellLibrary_typical_ecsm_7321/element.db
/home/ms18.18/synopsys_cache_Z-2007.03-SP1/DW01/DW01_NOT/str/NangateOpenCellLibrary_typical_ecsm_7321/element.db
/home/ms18.18/synopsys_cache_Z-2007.03-SP1/DW01/DW01_cmp2/rpl/32/NangateOpenCellLibrary_typical_ecsm_7321/element.db
/home/ms18.18/synopsys_cache_Z-2007.03-SP1/DW01/DW01_ash/mx2/32/5/NangateOpenCellLibrary_typical_ecsm_7321/element.db
/home/ms18.18/synopsys_cache_Z-2007.03-SP1/DW01/DW_sla/mx2/32/5/NangateOpenCellLibrary_typical_ecsm_7321/element.db
/home/ms18.18/synopsys_cache_Z-2007.03-SP1/DW01/DW_rash/mx2/32/5/NangateOpenCellLibrary_typical_ecsm_7321/element.db
/home/ms18.18/synopsys_cache_Z-2007.03-SP1/DW01/DW_sra/mx2/32/5/NangateOpenCellLibrary_typical_ecsm_7321/element.db
/home/ms18.18/synopsys_cache_Z-2007.03-SP1/DW01/DW_lbsh/mx2/32/5/NangateOpenCellLibrary_typical_ecsm_7321/element.db
/home/ms18.18/synopsys_cache_Z-2007.03-SP1/DW01/DW_rbsh/mx2/32/5/NangateOpenCellLibrary_typical_ecsm_7321/element.db
/home/mariagrazia.graziano/do/libnangate/NangateOpenCellLibrary_typical_ecsm.db
/home/mariagrazia.graziano/do/libnangate/NangateOpenCellLibrary_typical_ecsm.db
/home/mariagrazia.graziano/do/libnangate/NangateOpenCellLibrary_typical_ecsm.db
/home/mariagrazia.graziano/do/libnangate/NangateOpenCellLibrary_typical_ecsm.db
/home/mariagrazia.graziano/do/libnangate/NangateOpenCellLibrary_typical_ecsm.db
/home/mariagrazia.graziano/do/libnangate/NangateOpenCellLibrary_typical_ecsm.db
/home/mariagrazia.graziano/do/libnangate/NangateOpenCellLibrary_typical_ecsm.db
/home/mariagrazia.graziano/do/libnangate/NangateOpenCellLibrary_typical_ecsm.db
/home/mariagrazia.graziano/do/libnangate/NangateOpenCellLibrary_typical_ecsm.db
